ssp_sdk/build/outputs/mapping/release/seeds.txt
com.ssp.sdk.SspSdk
com.ssp.sdk.ad.SspVideoAd
com.ssp.sdk.ad.SspFullScreenVideoActivity
com.ssp.sdk.ad.SspLoadListener
com.ssp.sdk.ad.SspInteractionListener
com.ssp.sdk.R
com.ssp.sdk.ad.SspBannerAd
com.ssp.sdk.ad.BaseAd
com.ssp.sdk.ad.SspNativeAd
com.ssp.sdk.data.AdType
com.ssp.sdk.data.AdType: com.ssp.sdk.data.AdType VIDEO
com.ssp.sdk.data.NativeResponse$EventTracker: int method
com.ssp.sdk.data.AdResponse: int width
com.ssp.sdk.data.VideoResponse$MediaFile: java.lang.String url
com.ssp.sdk.data.VideoResponse$EndCard: java.lang.String imageUrl
com.ssp.sdk.data.ReportEvent: java.lang.String appId
com.ssp.sdk.data.NativeResponse: java.lang.String privacyUrl
com.ssp.sdk.data.NativeResponse$EventTracker: int event
com.ssp.sdk.data.AdResponse: java.lang.String billingType
com.ssp.sdk.data.AdRequest: int width
com.ssp.sdk.data.AdType: com.ssp.sdk.data.AdType BANNER
com.ssp.sdk.data.AdRequest: java.lang.String adType
com.ssp.sdk.data.ReportEvent: java.lang.String event
com.ssp.sdk.data.AdResponse: java.lang.String clickUrl
com.ssp.sdk.data.NativeResponse: java.lang.String iconUrl
com.ssp.sdk.data.AdResponse: java.lang.String ext
com.ssp.sdk.data.VideoResponse: boolean skippable
com.ssp.sdk.data.ReportEvent: java.lang.String adId
com.ssp.sdk.data.NativeResponse: int imageWidth
com.ssp.sdk.data.ReportEvent: int status
com.ssp.sdk.data.VideoResponse$MediaFile: int width
com.ssp.sdk.data.VideoResponse$MediaFile: int height
com.ssp.sdk.data.NativeResponse$EventTracker: java.lang.String url
com.ssp.sdk.data.VideoResponse$EndCard: java.util.List clickTrackers
com.ssp.sdk.data.AdResponse: java.util.List adomain
com.ssp.sdk.data.NativeResponse: java.lang.String cta
com.ssp.sdk.data.VideoResponse: java.lang.String title
com.ssp.sdk.data.AdResponse: java.lang.String currency
com.ssp.sdk.data.AdResponse: java.lang.String dealId
com.ssp.sdk.data.NativeResponse: java.lang.String body
com.ssp.sdk.data.NativeResponse: int imageHeight
com.ssp.sdk.data.AdResponse: java.util.List impTrackers
com.ssp.sdk.data.AdType: com.ssp.sdk.data.AdType NATIVE
com.ssp.sdk.data.NativeResponse: java.util.List eventTrackers
com.ssp.sdk.data.ReportEvent: java.lang.String title
com.ssp.sdk.data.NativeResponse: java.lang.String title
com.ssp.sdk.data.ReportEvent: long timestamp
com.ssp.sdk.data.AdResponse: java.util.List clickTrackers
com.ssp.sdk.data.VideoResponse: java.util.Map trackingEvents
com.ssp.sdk.data.VideoResponse: java.util.List mediaFiles
com.ssp.sdk.data.VideoResponse: com.ssp.sdk.data.VideoResponse$EndCard endCard
com.ssp.sdk.data.VideoResponse$EndCard: java.lang.Integer height
com.ssp.sdk.ad.SspFullScreenVideoActivity: com.ssp.sdk.ad.SspVideoAd videoAd
com.ssp.sdk.data.VideoResponse: java.lang.String linearity
com.ssp.sdk.data.VideoResponse: java.lang.String videoUrl
com.ssp.sdk.data.NativeResponse: java.lang.String imageUrl
com.ssp.sdk.data.VideoResponse$EndCard: java.lang.String type
com.ssp.sdk.data.VideoResponse$EndCard: java.lang.String htmlContent
com.ssp.sdk.data.VideoResponse$EndCard: java.lang.Integer width
com.ssp.sdk.data.AdResponse: java.lang.String impId
com.ssp.sdk.data.AdRequest: int height
com.ssp.sdk.data.AdType: com.ssp.sdk.data.AdType[] $VALUES
com.ssp.sdk.data.VideoResponse: boolean rewarded
com.ssp.sdk.ad.SspFullScreenVideoActivity: com.ssp.sdk.ad.SspVideoView videoView
com.ssp.sdk.data.AdRequest: java.lang.String adSlotId
com.ssp.sdk.ad.SspFullScreenVideoActivity: java.lang.String EXTRA_AD_ID
com.ssp.sdk.data.AdResponse: java.lang.String adType
com.ssp.sdk.data.NativeResponse: java.lang.String description
com.ssp.sdk.data.VideoResponse: int duration
com.ssp.sdk.data.NativeResponse: java.lang.Double rating
com.ssp.sdk.data.AdResponse: double price
com.ssp.sdk.data.VideoResponse: int renderHeight
com.ssp.sdk.data.AdResponse: int height
com.ssp.sdk.data.VideoResponse$MediaFile: java.lang.String type
com.ssp.sdk.data.NativeResponse: int iconHeight
com.ssp.sdk.data.VideoResponse$MediaFile: java.lang.String delivery