ssp_sdk/build/outputs/mapping/release/mapping.txt
# compiler: R8
# compiler_version: 8.1.56
# common_typos_disable
# {"id":"com.android.tools.r8.mapping","version":"2.2"}
# pg_map_id: 88d779e
# pg_map_hash: SHA-256 88d779eaa20e3b015d2728f7431ae45c453cf6a21061b2fa5a774b0bb03742eb
com.ssp.sdk.SspSdk -> com.ssp.sdk.SspSdk:
# {"id":"sourceFile","fileName":"SspSdk.java"}
    android.content.Context context -> a
    java.lang.String appId -> b
    boolean isInitialized -> c
    com.ssp.sdk.SspSdk instance -> d
    1:1:void <init>():28:28 -> <init>
    2:2:void <init>():26:26 -> <init>
    1:2:java.lang.String getAppId():139:140 -> getAppId
    1:1:android.content.Context getContext():135:135 -> getContext
    1:8:com.ssp.sdk.SspSdk getInstance():31:38 -> getInstance
    1:1:void init(android.content.Context):46:46 -> init
    2:15:void init(android.content.Context,java.lang.String):56:69 -> init
    16:17:java.lang.String getAppIdFromManifest(android.content.Context):111:112 -> init
    16:17:void init(android.content.Context,java.lang.String):69 -> init
    18:36:java.lang.String getAppIdFromManifest(android.content.Context):111:129 -> init
    18:36:void init(android.content.Context,java.lang.String):69 -> init
    37:37:java.lang.String getAppIdFromManifest(android.content.Context):127:127 -> init
    37:37:void init(android.content.Context,java.lang.String):69 -> init
    38:54:void init(android.content.Context,java.lang.String):69:85 -> init
    55:62:void reportInitialization():93:100 -> init
    55:62:void init(android.content.Context,java.lang.String):88 -> init
    63:76:void reportInitialization():93:106 -> init
    63:76:void init(android.content.Context,java.lang.String):88 -> init
    1:1:boolean isInitialized():144:144 -> isInitialized
com.ssp.sdk.ad.BaseAd -> com.ssp.sdk.ad.BaseAd:
# {"id":"sourceFile","fileName":"BaseAd.java"}
    android.content.Context context -> a
    java.lang.String adSlotId -> b
    com.ssp.sdk.ad.SspLoadListener loadListener -> c
    com.ssp.sdk.ad.SspInteractionListener interactionListener -> d
    com.ssp.sdk.data.AdResponse adResponse -> e
    boolean isLoaded -> f
    long loadTime -> g
    java.util.logging.Logger log -> h
    1:1:void <clinit>():36:36 -> <clinit>
    1:1:void <init>(android.content.Context,java.lang.String):37:37 -> <init>
    2:14:void <init>(android.content.Context,java.lang.String):27:39 -> <init>
    1:3:void fireImpression():132:134 -> a
    4:14:void reportShow():224:234 -> a
    4:14:void fireImpression():137 -> a
    15:17:java.lang.String getTitle():256:258 -> a
    15:17:void reportShow():235 -> a
    15:17:void fireImpression():137 -> a
    18:18:void reportShow():235:235 -> a
    18:18:void fireImpression():137 -> a
    19:19:void reportShow():227:227 -> a
    19:19:void fireImpression():137 -> a
    20:22:void fireImpression():138:140 -> a
    23:33:void reportRequest(int):208:218 -> a
    34:36:java.lang.String getTitle():256:258 -> a
    34:36:void reportRequest(int):219 -> a
    37:37:void reportRequest(int):219:219 -> a
    38:38:void reportRequest(int):211:211 -> a
    39:49:void reportClick():240:250 -> a
    39:49:void fireClick(java.lang.String):149 -> a
    50:52:java.lang.String getTitle():256:258 -> a