ssp_sdk/build/outputs/mapping/release/usage.txt
com.ssp.sdk.SspSdk:
    private static final java.lang.String METADATA_APP_ID
    private static final java.lang.String TAG
com.ssp.sdk.ad.AdListener
com.ssp.sdk.ad.BaseAd:
    private static final java.lang.String SSP_URL
com.ssp.sdk.ad.SspBannerAd$BannerAdLogic:
    public void fireClick()
    public boolean isLoaded()
com.ssp.sdk.ad.SspBannerAd:
    private static final int MAX_RETRY_COUNT
com.ssp.sdk.ad.SspVideoAd:
    private java.lang.Runnable progressRunnable
    protected void startTracking()
    protected void stopTracking()
com.ssp.sdk.ad.SspVideoView:
    private static final java.lang.String TAG
    public void <init>(android.content.Context,android.util.AttributeSet)
com.ssp.sdk.ad.VideoActivity$1
com.ssp.sdk.ad.VideoActivity$2
com.ssp.sdk.ad.VideoActivity$3
com.ssp.sdk.ad.VideoActivity$4
com.ssp.sdk.ad.VideoActivity$5
com.ssp.sdk.ad.VideoActivity
com.ssp.sdk.network.NetworkClient:
    private static final java.lang.String TAG
    private static final int TIMEOUT_MS
    public void <init>()
    public static void sendTrackingUrls(java.util.List)
    public static void sendTrackingUrls(java.lang.String[])
com.ssp.sdk.util.IpUtils:
    public void <init>()
com.ssp.sdk.util.ReportManager:
    private static final int BATCH_SIZE
    private static final long FLUSH_INTERVAL_SECONDS
    private static final java.lang.String REPORT_URL
com.ssp.sdk.util.SspConfigManager:
    private static final int DEFAULT_REFRESH_INTERVAL
    public void updateConfig(org.json.JSONObject)
com.ssp.sdk.util.VideoCacheManager:
    private static final java.lang.String TAG
    public boolean isCaching(java.lang.String)
com.ssp.sdk.SspSdk:
    public static java.lang.String getAppIdFromManifest()
    public static void reportInitialization()
com.ssp.sdk.ad.BaseAd:
    public final android.os.Handler handler
    public static synthetic java.util.logging.Logger access$000()
    public static synthetic void access$200()
    public abstract void fireClick()
    private java.lang.String getTitle()
    public abstract void handleResponse()
    public abstract void reportClick()
    public abstract void reportShow()
com.ssp.sdk.ad.SspBannerAd$BannerAdLogic:
    public static com.ssp.sdk.data.AdResponse getAdResponse()
com.ssp.sdk.ad.SspBannerAd:
    public static synthetic boolean access$000()
    public static synthetic com.ssp.sdk.ad.SspBannerAd$BannerAdLogic access$100()
    public static synthetic com.ssp.sdk.ad.SspInteractionListener access$1000()
    public static synthetic java.lang.String access$200()
    public static synthetic int access$302()
    public static synthetic com.ssp.sdk.ad.SspLoadListener access$400()
    public static synthetic android.webkit.WebView access$600()
    public static synthetic int access$700()
    public static synthetic int access$702()
    public static synthetic void access$708(com.ssp.sdk.ad.SspBannerAd)
    public static synthetic void access$800()
    public static synthetic void access$900()
com.ssp.sdk.ad.SspVideoAd:
    public final android.os.Handler progressHandler
    public static void registerActiveAd()
com.ssp.sdk.ad.SspVideoView$ImageLoadTask:
    public static varargs android.graphics.Bitmap doInBackground()
    public static void onPostExecute()
com.ssp.sdk.ad.SspVideoView:
    public static synthetic android.widget.VideoView access$100()
    public static synthetic com.ssp.sdk.ad.SspVideoAd access$200()
    public final void destroy()
    public static void handleEndCardClick()
    public static void pause()
    public final void start()
    public static void startTracking()
    public final void stopTracking()
    public static void toggleSound()
    public final void updateVolume()
com.ssp.sdk.data.ReportEvent:
    public static org.json.JSONObject toJson()
com.ssp.sdk.network.NetworkClient$Callback